#
# A fatal error has been detected by the Java Runtime Environment:
#
#  EXCEPTION_ACCESS_VIOLATION (0xc0000005) at pc=0x00007ff81abb1f0f, pid=1984, tid=14980
#
# JRE version: OpenJDK Runtime Environment (15.0.1+9) (build 15.0.1+9-18)
# Java VM: OpenJDK 64-Bit Server VM (15.0.1+9-18, mixed mode, tiered, compressed oops, g1 gc, windows-amd64)
# Problematic frame:
# C  [37C.tmp+0x1f0f]
#
# No core dump will be written. Minidumps are not enabled by default on client versions of Windows
#
# If you would like to submit a bug report, please visit:
#   https://bugreport.java.com/bugreport/crash.jsp
#

---------------  S U M M A R Y ------------

Command Line: -Dfile.encoding=UTF-8 -XX:+ShowCodeDetailsInExceptionMessages CountersView

Host: Intel(R) Core(TM) i7-7700K CPU @ 4.20GHz, 8 cores, 31G,  Windows 10 , 64 bit Build 19041 (10.0.19041.804)
Time: Thu Mar  4 00:07:19 2021 W. Europe Standard Time elapsed time: 16.291699 seconds (0d 0h 0m 16s)

---------------  T H R E A D  ---------------

Current thread (0x0000016e180bccb0):  VMThread "VM Thread" [stack: 0x0000004a43e00000,0x0000004a43f00000] [id=14980]

Stack: [0x0000004a43e00000,0x0000004a43f00000],  sp=0x0000004a43efeaf0,  free space=1018k
Native frames: (J=compiled Java code, j=interpreted, Vv=VM code, C=native code)
C  [37C.tmp+0x1f0f]


siginfo: EXCEPTION_ACCESS_VIOLATION (0xc0000005), reading address 0x00007ff838cd8610


Register to memory mapping:

RIP=0x00007ff81abb1f0f 37C.tmp
RAX=0x00007ff838cd8600 is an unknown value
RBX=0x000000007ffe0385 points into unknown readable memory: 00 00 00
RCX=0x0000016e1fde4598 points into unknown readable memory: 0x00007ff838cd8600 | 00 86 cd 38 f8 7f 00 00
RDX=0x0 is NULL
RSP=0x0000004a43efeaf0 points into unknown readable memory: 0x0000000000000000 | 00 00 00 00 00 00 00 00
RBP=0x0000004a43efedc0 points into unknown readable memory: 0x0000000000000000 | 00 00 00 00 00 00 00 00
RSI=0x00007ff81abb0000 37C.tmp
RDI=0x0 is NULL
R8 =0x0000000000000001 is an unknown value
R9 =0x0000000000000001 is an unknown value
R10=0x000000007ffe0384 points into unknown readable memory: 00 00 00 00
R11=0x0000004a43efebc0 points into unknown readable memory: 0x0000000000000000 | 00 00 00 00 00 00 00 00
R12=0x00007ff81abb22e4 37C.tmp
R13=0x0000016e6d0c5560 points into unknown readable memory: 0x8000000600000001 | 01 00 00 00 06 00 00 80
R14=0x0000000000000001 is an unknown value
R15=0x0000000000000001 is an unknown value


Registers:
RAX=0x00007ff838cd8600, RBX=0x000000007ffe0385, RCX=0x0000016e1fde4598, RDX=0x0000000000000000
RSP=0x0000004a43efeaf0, RBP=0x0000004a43efedc0, RSI=0x00007ff81abb0000, RDI=0x0000000000000000
R8 =0x0000000000000001, R9 =0x0000000000000001, R10=0x000000007ffe0384, R11=0x0000004a43efebc0
R12=0x00007ff81abb22e4, R13=0x0000016e6d0c5560, R14=0x0000000000000001, R15=0x0000000000000001
RIP=0x00007ff81abb1f0f, EFLAGS=0x0000000000010246

Top of Stack: (sp=0x0000004a43efeaf0)
0x0000004a43efeaf0:   0000000000000000 0000000000000001
0x0000004a43efeb00:   0000000000000001 00007ff843187d93
0x0000004a43efeb10:   0000000000000000 00007ff81abb21f9
0x0000004a43efeb20:   0000000000000001 0000004a43efed00
0x0000004a43efeb30:   0000000000000001 0000000000000000
0x0000004a43efeb40:   00007ff840250000 0000000000000000
0x0000004a43efeb50:   0000000000000001 00007ff83f9a0000
0x0000004a43efeb60:   00007ff81abb0000 000000007ffe0384
0x0000004a43efeb70:   0000000000000000 00007ff843187e1d
0x0000004a43efeb80:   00007ff81abb0000 0000000000000000
0x0000004a43efeb90:   0000000000000001 000000007ffe0385
0x0000004a43efeba0:   0000000000000000 00007ff8431b4001
0x0000004a43efebb0:   000094d2381c0600 0000000000000014
0x0000004a43efebc0:   0000000000000000 00007ff81abb22e4
0x0000004a43efebd0:   0000016e180bccb0 0000016e6ce69c40
0x0000004a43efebe0:   0000000000000000 00007ff8431b3e31 

Instructions: (pc=0x00007ff81abb1f0f)
0x00007ff81abb1e0f:   50 49 83 38 00 75 4a b8 ff ff 00 00 66 41 39 40
0x00007ff81abb1e1f:   0a 75 3e 49 8b 48 18 48 83 ca ff e8 31 f9 ff ff
0x00007ff81abb1e2f:   eb 2f 2d 21 01 00 00 74 14 83 f8 04 75 23 49 8b
0x00007ff81abb1e3f:   50 08 49 8b 48 18 e8 16 f9 ff ff eb 14 49 83 78
0x00007ff81abb1e4f:   08 02 75 0d 48 83 ca ff 49 8b 48 18 e8 e0 f5 ff
0x00007ff81abb1e5f:   ff 4c 8b cb 4c 8b c6 8b d7 33 c9 48 8b 5c 24 30
0x00007ff81abb1e6f:   48 8b 74 24 38 48 83 c4 20 5f 48 ff 25 f8 f3 00
0x00007ff81abb1e7f:   00 48 89 5c 24 08 48 89 74 24 10 57 48 83 ec 20
0x00007ff81abb1e8f:   49 8b d8 48 8b f2 8b f9 85 c9 75 16 41 81 78 08
0x00007ff81abb1e9f:   12 01 00 00 75 0c 49 8b 10 49 8b 48 10 e8 4f fc
0x00007ff81abb1eaf:   ff ff 4c 8b cb 4c 8b c6 8b d7 33 c9 48 8b 5c 24
0x00007ff81abb1ebf:   30 48 8b 74 24 38 48 83 c4 20 5f 48 ff 25 a7 f3
0x00007ff81abb1ecf:   00 00 cc cc cc cc cc cc cc cc cc cc cc cc cc cc
0x00007ff81abb1edf:   cc 48 83 ec 28 83 fa 01 75 0f e8 62 f4 ff ff b8
0x00007ff81abb1eef:   01 00 00 00 48 83 c4 28 c3 85 d2 75 3a 83 3d 11
0x00007ff81abb1eff:   ac 01 00 01 75 31 48 8b 0d fc ab 01 00 48 8b 01
0x00007ff81abb1f0f:   ff 50 10 48 8b 0d ff ab 01 00 48 8b 01 ff 50 10
0x00007ff81abb1f1f:   48 8b 0d da ab 01 00 48 8b 01 ff 50 10 c7 05 de
0x00007ff81abb1f2f:   ab 01 00 00 00 00 00 b8 01 00 00 00 48 83 c4 28
0x00007ff81abb1f3f:   c3 cc cc cc cc cc cc 66 66 0f 1f 84 00 00 00 00
0x00007ff81abb1f4f:   00 48 3b 0d a9 90 01 00 f2 75 12 48 c1 c1 10 66
0x00007ff81abb1f5f:   f7 c1 ff ff f2 75 02 f2 c3 48 c1 c9 10 e9 e7 03
0x00007ff81abb1f6f:   00 00 cc cc cc 48 83 ec 28 85 d2 74 39 83 ea 01
0x00007ff81abb1f7f:   74 28 83 ea 01 74 16 83 fa 01 74 0a b8 01 00 00
0x00007ff81abb1f8f:   00 48 83 c4 28 c3 e8 d6 06 00 00 eb 05 e8 a7 06
0x00007ff81abb1f9f:   00 00 0f b6 c0 48 83 c4 28 c3 49 8b d0 48 83 c4
0x00007ff81abb1faf:   28 e9 0f 00 00 00 4d 85 c0 0f 95 c1 48 83 c4 28
0x00007ff81abb1fbf:   e9 2c 01 00 00 48 89 5c 24 08 48 89 74 24 10 48
0x00007ff81abb1fcf:   89 7c 24 20 41 56 48 83 ec 20 48 8b f2 4c 8b f1
0x00007ff81abb1fdf:   33 c9 e8 4a 07 00 00 84 c0 75 07 33 c0 e9 e8 00
0x00007ff81abb1fef:   00 00 e8 ca 05 00 00 8a d8 88 44 24 40 40 b7 01
0x00007ff81abb1fff:   83 3d ca 9e 01 00 00 74 0a b9 07 00 00 00 e8 86 


Stack slot to memory mapping:
stack at sp + 0 slots: 0x0 is NULL
stack at sp + 1 slots: 0x0000000000000001 is an unknown value
stack at sp + 2 slots: 0x0000000000000001 is an unknown value
stack at sp + 3 slots: 0x00007ff843187d93 ntdll.dll
stack at sp + 4 slots: 0x0 is NULL
stack at sp + 5 slots: 0x00007ff81abb21f9 37C.tmp
stack at sp + 6 slots: 0x0000000000000001 is an unknown value
stack at sp + 7 slots: 0x0000004a43efed00 points into unknown readable memory: 0x0000000000000000 | 00 00 00 00 00 00 00 00

VM_Operation (0x0000004a44dfe2f0): Exit, mode: safepoint, requested by thread 0x0000016e187eaad0


---------------  P R O C E S S  ---------------

Threads class SMR info:
_java_thread_list=0x0000016e1fce5310, length=14, elements={
0x0000016e180f5020, 0x0000016e180f59e0, 0x0000016e1811b2b0, 0x0000016e1811b880,
0x0000016e1811c240, 0x0000016e18121840, 0x0000016e18124150, 0x0000016e18139260,
0x0000016e1828c780, 0x0000016e1829eb90, 0x0000016e187e3fa0, 0x0000016e187e4630,
0x0000016e187eaad0, 0x0000016e6d021c90
}

Java Threads: ( => current thread )
  0x0000016e180f5020 JavaThread "Reference Handler" daemon [_thread_blocked, id=11948, stack(0x0000004a43f00000,0x0000004a44000000)]
  0x0000016e180f59e0 JavaThread "Finalizer" daemon [_thread_blocked, id=15792, stack(0x0000004a44000000,0x0000004a44100000)]
  0x0000016e1811b2b0 JavaThread "Signal Dispatcher" daemon [_thread_blocked, id=13156, stack(0x0000004a44100000,0x0000004a44200000)]
  0x0000016e1811b880 JavaThread "Attach Listener" daemon [_thread_blocked, id=4708, stack(0x0000004a44200000,0x0000004a44300000)]
  0x0000016e1811c240 JavaThread "Service Thread" daemon [_thread_blocked, id=23132, stack(0x0000004a44300000,0x0000004a44400000)]
  0x0000016e18121840 JavaThread "C2 CompilerThread0" daemon [_thread_blocked, id=17432, stack(0x0000004a44400000,0x0000004a44500000)]
  0x0000016e18124150 JavaThread "C1 CompilerThread0" daemon [_thread_blocked, id=3364, stack(0x0000004a44500000,0x0000004a44600000)]
  0x0000016e18139260 JavaThread "Sweeper thread" daemon [_thread_blocked, id=14824, stack(0x0000004a44600000,0x0000004a44700000)]
  0x0000016e1828c780 JavaThread "Notification Thread" daemon [_thread_blocked, id=23888, stack(0x0000004a44700000,0x0000004a44800000)]
  0x0000016e1829eb90 JavaThread "Common-Cleaner" daemon [_thread_blocked, id=564, stack(0x0000004a44900000,0x0000004a44a00000)]
  0x0000016e187e3fa0 JavaThread "Java2D Disposer" daemon [_thread_blocked, id=1388, stack(0x0000004a44a00000,0x0000004a44b00000)]
  0x0000016e187e4630 JavaThread "AWT-Shutdown" [_thread_blocked, id=12976, stack(0x0000004a44b00000,0x0000004a44c00000)]
  0x0000016e187eaad0 JavaThread "AWT-EventQueue-0" [_thread_blocked, id=1676, stack(0x0000004a44d00000,0x0000004a44e00000)]
  0x0000016e6d021c90 JavaThread "DestroyJavaVM" [_thread_blocked, id=6424, stack(0x0000004a43800000,0x0000004a43900000)]

Other Threads:
=>0x0000016e180bccb0 VMThread "VM Thread" [stack: 0x0000004a43e00000,0x0000004a43f00000] [id=14980]
  0x0000016e6d0972d0 GCTaskThread "GC Thread#0" [stack: 0x0000004a43900000,0x0000004a43a00000] [id=7244]
  0x0000016e6d0a8b90 ConcurrentGCThread "G1 Main Marker" [stack: 0x0000004a43a00000,0x0000004a43b00000] [id=22884]
  0x0000016e6d0aa720 ConcurrentGCThread "G1 Conc#0" [stack: 0x0000004a43b00000,0x0000004a43c00000] [id=16000]
  0x0000016e6d0fec30 ConcurrentGCThread "G1 Refine#0" [stack: 0x0000004a43c00000,0x0000004a43d00000] [id=14092]
  0x0000016e176e78b0 ConcurrentGCThread "G1 Young RemSet Sampling" [stack: 0x0000004a43d00000,0x0000004a43e00000] [id=5840]

Threads with active compile tasks:

VM state: at safepoint (shutting down)

VM Mutex/Monitor currently owned by a thread:  ([mutex/lock_event])
[0x0000016e6d01c650] Threads_lock - owner thread: 0x0000016e180bccb0
[0x0000016e6d01dd60] Heap_lock - owner thread: 0x0000016e187eaad0

Heap address: 0x0000000600800000, size: 8184 MB, Compressed Oops mode: Zero based, Oop shift amount: 3
CDS disabled.
Compressed class space mapped at: 0x0000000800000000-0x0000000840000000, size: 1073741824
Narrow klass base: 0x0000000800000000, Narrow klass shift: 0, Narrow klass range: 0x40000000

GC Precious Log:
 CPUs: 8 total, 8 available
 Memory: 32722M
 Large Page Support: Disabled
 NUMA Support: Disabled
 Compressed Oops: Enabled (Zero based)
 Heap Region Size: 4M
 Heap Min Capacity: 8M
 Heap Initial Capacity: 512M
 Heap Max Capacity: 8184M
 Pre-touch: Disabled
 Parallel Workers: 8
 Concurrent Workers: 2
 Concurrent Refinement Workers: 8
 Periodic GC: Disabled

Heap:
 garbage-first heap   total 524288K, used 8192K [0x0000000600800000, 0x0000000800000000)
  region size 4096K, 3 young (12288K), 0 survivors (0K)
 Metaspace       used 13639K, capacity 13796K, committed 13952K, reserved 1062912K
  class space    used 1304K, capacity 1374K, committed 1408K, reserved 1048576K

Heap Regions: E=young(eden), S=young(survivor), O=old, HS=humongous(starts), HC=humongous(continues), CS=collection set, F=free, OA=open archive, CA=closed archive, TAMS=top-at-mark-start (previous, next)
|   0|0x0000000600800000, 0x0000000600800000, 0x0000000600c00000|  0%| F|  |TAMS 0x0000000600800000, 0x0000000600800000| Untracked 
|   1|0x0000000600c00000, 0x0000000600c00000, 0x0000000601000000|  0%| F|  |TAMS 0x0000000600c00000, 0x0000000600c00000| Untracked 
|   2|0x0000000601000000, 0x0000000601000000, 0x0000000601400000|  0%| F|  |TAMS 0x0000000601000000, 0x0000000601000000| Untracked 
|   3|0x0000000601400000, 0x0000000601400000, 0x0000000601800000|  0%| F|  |TAMS 0x0000000601400000, 0x0000000601400000| Untracked 
|   4|0x0000000601800000, 0x0000000601800000, 0x0000000601c00000|  0%| F|  |TAMS 0x0000000601800000, 0x0000000601800000| Untracked 
|   5|0x0000000601c00000, 0x0000000601c00000, 0x0000000602000000|  0%| F|  |TAMS 0x0000000601c00000, 0x0000000601c00000| Untracked 
|   6|0x0000000602000000, 0x0000000602000000, 0x0000000602400000|  0%| F|  |TAMS 0x0000000602000000, 0x0000000602000000| Untracked 
|   7|0x0000000602400000, 0x0000000602400000, 0x0000000602800000|  0%| F|  |TAMS 0x0000000602400000, 0x0000000602400000| Untracked 
|   8|0x0000000602800000, 0x0000000602800000, 0x0000000602c00000|  0%| F|  |TAMS 0x0000000602800000, 0x0000000602800000| Untracked 
|   9|0x0000000602c00000, 0x0000000602c00000, 0x0000000603000000|  0%| F|  |TAMS 0x0000000602c00000, 0x0000000602c00000| Untracked 
|  10|0x0000000603000000, 0x0000000603000000, 0x0000000603400000|  0%| F|  |TAMS 0x0000000603000000, 0x0000000603000000| Untracked 
|  11|0x0000000603400000, 0x0000000603400000, 0x0000000603800000|  0%| F|  |TAMS 0x0000000603400000, 0x0000000603400000| Untracked 
|  12|0x0000000603800000, 0x0000000603800000, 0x0000000603c00000|  0%| F|  |TAMS 0x0000000603800000, 0x0000000603800000| Untracked 
|  13|0x0000000603c00000, 0x0000000603c00000, 0x0000000604000000|  0%| F|  |TAMS 0x0000000603c00000, 0x0000000603c00000| Untracked 
|  14|0x0000000604000000, 0x0000000604000000, 0x0000000604400000|  0%| F|  |TAMS 0x0000000604000000, 0x0000000604000000| Untracked 
|  15|0x0000000604400000, 0x0000000604400000, 0x0000000604800000|  0%| F|  |TAMS 0x0000000604400000, 0x0000000604400000| Untracked 
|  16|0x0000000604800000, 0x0000000604800000, 0x0000000604c00000|  0%| F|  |TAMS 0x0000000604800000, 0x0000000604800000| Untracked 
|  17|0x0000000604c00000, 0x0000000604c00000, 0x0000000605000000|  0%| F|  |TAMS 0x0000000604c00000, 0x0000000604c00000| Untracked 
|  18|0x0000000605000000, 0x0000000605000000, 0x0000000605400000|  0%| F|  |TAMS 0x0000000605000000, 0x0000000605000000| Untracked 
|  19|0x0000000605400000, 0x0000000605400000, 0x0000000605800000|  0%| F|  |TAMS 0x0000000605400000, 0x0000000605400000| Untracked 
|  20|0x0000000605800000, 0x0000000605800000, 0x0000000605c00000|  0%| F|  |TAMS 0x0000000605800000, 0x0000000605800000| Untracked 
|  21|0x0000000605c00000, 0x0000000605c00000, 0x0000000606000000|  0%| F|  |TAMS 0x0000000605c00000, 0x0000000605c00000| Untracked 
|  22|0x0000000606000000, 0x0000000606000000, 0x0000000606400000|  0%| F|  |TAMS 0x0000000606000000, 0x0000000606000000| Untracked 
|  23|0x0000000606400000, 0x0000000606400000, 0x0000000606800000|  0%| F|  |TAMS 0x0000000606400000, 0x0000000606400000| Untracked 
|  24|0x0000000606800000, 0x0000000606800000, 0x0000000606c00000|  0%| F|  |TAMS 0x0000000606800000, 0x0000000606800000| Untracked 
|  25|0x0000000606c00000, 0x0000000606c00000, 0x0000000607000000|  0%| F|  |TAMS 0x0000000606c00000, 0x0000000606c00000| Untracked 
|  26|0x0000000607000000, 0x0000000607000000, 0x0000000607400000|  0%| F|  |TAMS 0x0000000607000000, 0x0000000607000000| Untracked 
|  27|0x0000000607400000, 0x0000000607400000, 0x0000000607800000|  0%| F|  |TAMS 0x0000000607400000, 0x0000000607400000| Untracked 
|  28|0x0000000607800000, 0x0000000607800000, 0x0000000607c00000|  0%| F|  |TAMS 0x0000000607800000, 0x0000000607800000| Untracked 
|  29|0x0000000607c00000, 0x0000000607c00000, 0x0000000608000000|  0%| F|  |TAMS 0x0000000607c00000, 0x0000000607c00000| Untracked 
|  30|0x0000000608000000, 0x0000000608000000, 0x0000000608400000|  0%| F|  |TAMS 0x0000000608000000, 0x0000000608000000| Untracked 
|  31|0x0000000608400000, 0x0000000608400000, 0x0000000608800000|  0%| F|  |TAMS 0x0000000608400000, 0x0000000608400000| Untracked 
|  32|0x0000000608800000, 0x0000000608800000, 0x0000000608c00000|  0%| F|  |TAMS 0x0000000608800000, 0x0000000608800000| Untracked 
|  33|0x0000000608c00000, 0x0000000608c00000, 0x0000000609000000|  0%| F|  |TAMS 0x0000000608c00000, 0x0000000608c00000| Untracked 
|  34|0x0000000609000000, 0x0000000609000000, 0x0000000609400000|  0%| F|  |TAMS 0x0000000609000000, 0x0000000609000000| Untracked 
|  35|0x0000000609400000, 0x0000000609400000, 0x0000000609800000|  0%| F|  |TAMS 0x0000000609400000, 0x0000000609400000| Untracked 
|  36|0x0000000609800000, 0x0000000609800000, 0x0000000609c00000|  0%| F|  |TAMS 0x0000000609800000, 0x0000000609800000| Untracked 
|  37|0x0000000609c00000, 0x0000000609c00000, 0x000000060a000000|  0%| F|  |TAMS 0x0000000609c00000, 0x0000000609c00000| Untracked 
|  38|0x000000060a000000, 0x000000060a000000, 0x000000060a400000|  0%| F|  |TAMS 0x000000060a000000, 0x000000060a000000| Untracked 
|  39|0x000000060a400000, 0x000000060a400000, 0x000000060a800000|  0%| F|  |TAMS 0x000000060a400000, 0x000000060a400000| Untracked 
|  40|0x000000060a800000, 0x000000060a800000, 0x000000060ac00000|  0%| F|  |TAMS 0x000000060a800000, 0x000000060a800000| Untracked 
|  41|0x000000060ac00000, 0x000000060ac00000, 0x000000060b000000|  0%| F|  |TAMS 0x000000060ac00000, 0x000000060ac00000| Untracked 
|  42|0x000000060b000000, 0x000000060b000000, 0x000000060b400000|  0%| F|  |TAMS 0x000000060b000000, 0x000000060b000000| Untracked 
|  43|0x000000060b400000, 0x000000060b400000, 0x000000060b800000|  0%| F|  |TAMS 0x000000060b400000, 0x000000060b400000| Untracked 
|  44|0x000000060b800000, 0x000000060b800000, 0x000000060bc00000|  0%| F|  |TAMS 0x000000060b800000, 0x000000060b800000| Untracked 
|  45|0x000000060bc00000, 0x000000060bc00000, 0x000000060c000000|  0%| F|  |TAMS 0x000000060bc00000, 0x000000060bc00000| Untracked 
|  46|0x000000060c000000, 0x000000060c000000, 0x000000060c400000|  0%| F|  |TAMS 0x000000060c000000, 0x000000060c000000| Untracked 
|  47|0x000000060c400000, 0x000000060c400000, 0x000000060c800000|  0%| F|  |TAMS 0x000000060c400000, 0x000000060c400000| Untracked 
|  48|0x000000060c800000, 0x000000060c800000, 0x000000060cc00000|  0%| F|  |TAMS 0x000000060c800000, 0x000000060c800000| Untracked 
|  49|0x000000060cc00000, 0x000000060cc00000, 0x000000060d000000|  0%| F|  |TAMS 0x000000060cc00000, 0x000000060cc00000| Untracked 
|  50|0x000000060d000000, 0x000000060d000000, 0x000000060d400000|  0%| F|  |TAMS 0x000000060d000000, 0x000000060d000000| Untracked 
|  51|0x000000060d400000, 0x000000060d400000, 0x000000060d800000|  0%| F|  |TAMS 0x000000060d400000, 0x000000060d400000| Untracked 
|  52|0x000000060d800000, 0x000000060d800000, 0x000000060dc00000|  0%| F|  |TAMS 0x000000060d800000, 0x000000060d800000| Untracked 
|  53|0x000000060dc00000, 0x000000060dc00000, 0x000000060e000000|  0%| F|  |TAMS 0x000000060dc00000, 0x000000060dc00000| Untracked 
|  54|0x000000060e000000, 0x000000060e000000, 0x000000060e400000|  0%| F|  |TAMS 0x000000060e000000, 0x000000060e000000| Untracked 
|  55|0x000000060e400000, 0x000000060e400000, 0x000000060e800000|  0%| F|  |TAMS 0x000000060e400000, 0x000000060e400000| Untracked 
|  56|0x000000060e800000, 0x000000060e800000, 0x000000060ec00000|  0%| F|  |TAMS 0x000000060e800000, 0x000000060e800000| Untracked 
|  57|0x000000060ec00000, 0x000000060ec00000, 0x000000060f000000|  0%| F|  |TAMS 0x000000060ec00000, 0x000000060ec00000| Untracked 
|  58|0x000000060f000000, 0x000000060f000000, 0x000000060f400000|  0%| F|  |TAMS 0x000000060f000000, 0x000000060f000000| Untracked 
|  59|0x000000060f400000, 0x000000060f400000, 0x000000060f800000|  0%| F|  |TAMS 0x000000060f400000, 0x000000060f400000| Untracked 
|  60|0x000000060f800000, 0x000000060f800000, 0x000000060fc00000|  0%| F|  |TAMS 0x000000060f800000, 0x000000060f800000| Untracked 
|  61|0x000000060fc00000, 0x000000060fc00000, 0x0000000610000000|  0%| F|  |TAMS 0x000000060fc00000, 0x000000060fc00000| Untracked 
|  62|0x0000000610000000, 0x0000000610000000, 0x0000000610400000|  0%| F|  |TAMS 0x0000000610000000, 0x0000000610000000| Untracked 
|  63|0x0000000610400000, 0x0000000610400000, 0x0000000610800000|  0%| F|  |TAMS 0x0000000610400000, 0x0000000610400000| Untracked 
|  64|0x0000000610800000, 0x0000000610800000, 0x0000000610c00000|  0%| F|  |TAMS 0x0000000610800000, 0x0000000610800000| Untracked 
|  65|0x0000000610c00000, 0x0000000610c00000, 0x0000000611000000|  0%| F|  |TAMS 0x0000000610c00000, 0x0000000610c00000| Untracked 
|  66|0x0000000611000000, 0x0000000611000000, 0x0000000611400000|  0%| F|  |TAMS 0x0000000611000000, 0x0000000611000000| Untracked 
|  67|0x0000000611400000, 0x0000000611400000, 0x0000000611800000|  0%| F|  |TAMS 0x0000000611400000, 0x0000000611400000| Untracked 
|  68|0x0000000611800000, 0x0000000611800000, 0x0000000611c00000|  0%| F|  |TAMS 0x0000000611800000, 0x0000000611800000| Untracked 
|  69|0x0000000611c00000, 0x0000000611c00000, 0x0000000612000000|  0%| F|  |TAMS 0x0000000611c00000, 0x0000000611c00000| Untracked 
|  70|0x0000000612000000, 0x0000000612000000, 0x0000000612400000|  0%| F|  |TAMS 0x0000000612000000, 0x0000000612000000| Untracked 
|  71|0x0000000612400000, 0x0000000612400000, 0x0000000612800000|  0%| F|  |TAMS 0x0000000612400000, 0x0000000612400000| Untracked 
|  72|0x0000000612800000, 0x0000000612800000, 0x0000000612c00000|  0%| F|  |TAMS 0x0000000612800000, 0x0000000612800000| Untracked 
|  73|0x0000000612c00000, 0x0000000612c00000, 0x0000000613000000|  0%| F|  |TAMS 0x0000000612c00000, 0x0000000612c00000| Untracked 
|  74|0x0000000613000000, 0x0000000613000000, 0x0000000613400000|  0%| F|  |TAMS 0x0000000613000000, 0x0000000613000000| Untracked 
|  75|0x0000000613400000, 0x0000000613400000, 0x0000000613800000|  0%| F|  |TAMS 0x0000000613400000, 0x0000000613400000| Untracked 
|  76|0x0000000613800000, 0x0000000613800000, 0x0000000613c00000|  0%| F|  |TAMS 0x0000000613800000, 0x0000000613800000| Untracked 
|  77|0x0000000613c00000, 0x0000000613c00000, 0x0000000614000000|  0%| F|  |TAMS 0x0000000613c00000, 0x0000000613c00000| Untracked 
|  78|0x0000000614000000, 0x0000000614000000, 0x0000000614400000|  0%| F|  |TAMS 0x0000000614000000, 0x0000000614000000| Untracked 
|  79|0x0000000614400000, 0x0000000614400000, 0x0000000614800000|  0%| F|  |TAMS 0x0000000614400000, 0x0000000614400000| Untracked 
|  80|0x0000000614800000, 0x0000000614800000, 0x0000000614c00000|  0%| F|  |TAMS 0x0000000614800000, 0x0000000614800000| Untracked 
|  81|0x0000000614c00000, 0x0000000614c00000, 0x0000000615000000|  0%| F|  |TAMS 0x0000000614c00000, 0x0000000614c00000| Untracked 
|  82|0x0000000615000000, 0x0000000615000000, 0x0000000615400000|  0%| F|  |TAMS 0x0000000615000000, 0x0000000615000000| Untracked 
|  83|0x0000000615400000, 0x0000000615400000, 0x0000000615800000|  0%| F|  |TAMS 0x0000000615400000, 0x0000000615400000| Untracked 
|  84|0x0000000615800000, 0x0000000615800000, 0x0000000615c00000|  0%| F|  |TAMS 0x0000000615800000, 0x0000000615800000| Untracked 
|  85|0x0000000615c00000, 0x0000000615c00000, 0x0000000616000000|  0%| F|  |TAMS 0x0000000615c00000, 0x0000000615c00000| Untracked 
|  86|0x0000000616000000, 0x0000000616000000, 0x0000000616400000|  0%| F|  |TAMS 0x0000000616000000, 0x0000000616000000| Untracked 
|  87|0x0000000616400000, 0x0000000616400000, 0x0000000616800000|  0%| F|  |TAMS 0x0000000616400000, 0x0000000616400000| Untracked 
|  88|0x0000000616800000, 0x0000000616800000, 0x0000000616c00000|  0%| F|  |TAMS 0x0000000616800000, 0x0000000616800000| Untracked 
|  89|0x0000000616c00000, 0x0000000616c00000, 0x0000000617000000|  0%| F|  |TAMS 0x0000000616c00000, 0x0000000616c00000| Untracked 
|  90|0x0000000617000000, 0x0000000617000000, 0x0000000617400000|  0%| F|  |TAMS 0x0000000617000000, 0x0000000617000000| Untracked 
|  91|0x0000000617400000, 0x0000000617400000, 0x0000000617800000|  0%| F|  |TAMS 0x0000000617400000, 0x0000000617400000| Untracked 
|  92|0x0000000617800000, 0x0000000617800000, 0x0000000617c00000|  0%| F|  |TAMS 0x0000000617800000, 0x0000000617800000| Untracked 
|  93|0x0000000617c00000, 0x0000000617c00000, 0x0000000618000000|  0%| F|  |TAMS 0x0000000617c00000, 0x0000000617c00000| Untracked 
|  94|0x0000000618000000, 0x0000000618000000, 0x0000000618400000|  0%| F|  |TAMS 0x0000000618000000, 0x0000000618000000| Untracked 
|  95|0x0000000618400000, 0x0000000618400000, 0x0000000618800000|  0%| F|  |TAMS 0x0000000618400000, 0x0000000618400000| Untracked 
|  96|0x0000000618800000, 0x0000000618800000, 0x0000000618c00000|  0%| F|  |TAMS 0x0000000618800000, 0x0000000618800000| Untracked 
|  97|0x0000000618c00000, 0x0000000618c00000, 0x0000000619000000|  0%| F|  |TAMS 0x0000000618c00000, 0x0000000618c00000| Untracked 
|  98|0x0000000619000000, 0x0000000619000000, 0x0000000619400000|  0%| F|  |TAMS 0x0000000619000000, 0x0000000619000000| Untracked 
|  99|0x0000000619400000, 0x0000000619400000, 0x0000000619800000|  0%| F|  |TAMS 0x0000000619400000, 0x0000000619400000| Untracked 
| 100|0x0000000619800000, 0x0000000619800000, 0x0000000619c00000|  0%| F|  |TAMS 0x0000000619800000, 0x0000000619800000| Untracked 
| 101|0x0000000619c00000, 0x0000000619c00000, 0x000000061a000000|  0%| F|  |TAMS 0x0000000619c00000, 0x0000000619c00000| Untracked 
| 102|0x000000061a000000, 0x000000061a000000, 0x000000061a400000|  0%| F|  |TAMS 0x000000061a000000, 0x000000061a000000| Untracked 
| 103|0x000000061a400000, 0x000000061a400000, 0x000000061a800000|  0%| F|  |TAMS 0x000000061a400000, 0x000000061a400000| Untracked 
| 104|0x000000061a800000, 0x000000061a800000, 0x000000061ac00000|  0%| F|  |TAMS 0x000000061a800000, 0x000000061a800000| Untracked 
| 105|0x000000061ac00000, 0x000000061ac00000, 0x000000061b000000|  0%| F|  |TAMS 0x000000061ac00000, 0x000000061ac00000| Untracked 
| 106|0x000000061b000000, 0x000000061b000000, 0x000000061b400000|  0%| F|  |TAMS 0x000000061b000000, 0x000000061b000000| Untracked 
| 107|0x000000061b400000, 0x000000061b400000, 0x000000061b800000|  0%| F|  |TAMS 0x000000061b400000, 0x000000061b400000| Untracked 
| 108|0x000000061b800000, 0x000000061b800000, 0x000000061bc00000|  0%| F|  |TAMS 0x000000061b800000, 0x000000061b800000| Untracked 
| 109|0x000000061bc00000, 0x000000061bc00000, 0x000000061c000000|  0%| F|  |TAMS 0x000000061bc00000, 0x000000061bc00000| Untracked 
| 110|0x000000061c000000, 0x000000061c000000, 0x000000061c400000|  0%| F|  |TAMS 0x000000061c000000, 0x000000061c000000| Untracked 
| 111|0x000000061c400000, 0x000000061c400000, 0x000000061c800000|  0%| F|  |TAMS 0x000000061c400000, 0x000000061c400000| Untracked 
| 112|0x000000061c800000, 0x000000061c800000, 0x000000061cc00000|  0%| F|  |TAMS 0x000000061c800000, 0x000000061c800000| Untracked 
| 113|0x000000061cc00000, 0x000000061cc00000, 0x000000061d000000|  0%| F|  |TAMS 0x000000061cc00000, 0x000000061cc00000| Untracked 
| 114|0x000000061d000000, 0x000000061d000000, 0x000000061d400000|  0%| F|  |TAMS 0x000000061d000000, 0x000000061d000000| Untracked 
| 115|0x000000061d400000, 0x000000061d400000, 0x000000061d800000|  0%| F|  |TAMS 0x000000061d400000, 0x000000061d400000| Untracked 
| 116|0x000000061d800000, 0x000000061d800000, 0x000000061dc00000|  0%| F|  |TAMS 0x000000061d800000, 0x000000061d800000| Untracked 
| 117|0x000000061dc00000, 0x000000061dc00000, 0x000000061e000000|  0%| F|  |TAMS 0x000000061dc00000, 0x000000061dc00000| Untracked 
| 118|0x000000061e000000, 0x000000061e000000, 0x000000061e400000|  0%| F|  |TAMS 0x000000061e000000, 0x000000061e000000| Untracked 
| 119|0x000000061e400000, 0x000000061e400000, 0x000000061e800000|  0%| F|  |TAMS 0x000000061e400000, 0x000000061e400000| Untracked 
| 120|0x000000061e800000, 0x000000061e800000, 0x000000061ec00000|  0%| F|  |TAMS 0x000000061e800000, 0x000000061e800000| Untracked 
| 121|0x000000061ec00000, 0x000000061ec00000, 0x000000061f000000|  0%| F|  |TAMS 0x000000061ec00000, 0x000000061ec00000| Untracked 
| 122|0x000000061f000000, 0x000000061f000000, 0x000000061f400000|  0%| F|  |TAMS 0x000000061f000000, 0x000000061f000000| Untracked 
| 123|0x000000061f400000, 0x000000061f400000, 0x000000061f800000|  0%| F|  |TAMS 0x000000061f400000, 0x000000061f400000| Untracked 
| 124|0x000000061f800000, 0x000000061f800000, 0x000000061fc00000|  0%| F|  |TAMS 0x000000061f800000, 0x000000061f800000| Untracked 
| 125|0x000000061fc00000, 0x000000061fd712a0, 0x0000000620000000| 36%| E|  |TAMS 0x000000061fc00000, 0x000000061fc00000| Complete 
| 126|0x0000000620000000, 0x0000000620400000, 0x0000000620400000|100%| E|CS|TAMS 0x0000000620000000, 0x0000000620000000| Complete 
| 127|0x0000000620400000, 0x0000000620800000, 0x0000000620800000|100%| E|CS|TAMS 0x0000000620400000, 0x0000000620400000| Complete 

Card table byte_map: [0x0000016e73ca0000,0x0000016e74ca0000] _byte_map_base: 0x0000016e70c9c000

Marking Bits (Prev, Next): (CMBitMap*) 0x0000016e6d0979d0, (CMBitMap*) 0x0000016e6d097a10
 Prev Bits: [0x0000016e75ca0000, 0x0000016e7dc80000)
 Next Bits: [0x0000016e0f000000, 0x0000016e16fe0000)

Polling page: 0x0000016e6d100000

Metaspace:

Usage:
  Non-class:     12.13 MB capacity,    12.05 MB (>99%) used,    70.86 KB ( <1%) free+waste,    15.50 KB ( <1%) overhead. 
      Class:      1.34 MB capacity,     1.27 MB ( 95%) used,    64.50 KB (  5%) free+waste,     5.44 KB ( <1%) overhead. 
       Both:     13.47 MB capacity,    13.32 MB ( 99%) used,   135.36 KB ( <1%) free+waste,    20.94 KB ( <1%) overhead. 

Virtual space:
  Non-class space:       14.00 MB reserved,      12.25 MB ( 88%) committed 
      Class space:        1.00 GB reserved,       1.38 MB ( <1%) committed 
             Both:        1.01 GB reserved,      13.62 MB (  1%) committed 

Chunk freelists:
   Non-Class:  58.00 KB
       Class:  2.00 KB
        Both:  60.00 KB

MaxMetaspaceSize: 17179869184.00 GB
CompressedClassSpaceSize: 1.00 GB

CodeHeap 'non-profiled nmethods': size=120000Kb used=371Kb max_used=371Kb free=119628Kb
 bounds [0x0000016e07ad0000, 0x0000016e07d40000, 0x0000016e0f000000]
CodeHeap 'profiled nmethods': size=120000Kb used=2166Kb max_used=2166Kb free=117833Kb
 bounds [0x0000016e005a0000, 0x0000016e00810000, 0x0000016e07ad0000]
CodeHeap 'non-nmethods': size=5760Kb used=1269Kb max_used=1336Kb free=4490Kb
 bounds [0x0000016e00000000, 0x0000016e00270000, 0x0000016e005a0000]
 total_blobs=1777 nmethods=1228 adapters=461
 compilation: enabled
              stopped_count=0, restarted_count=0
 full_count=0

Compilation events (20 events):
Event: 14.582 Thread 0x0000016e18124150 1220       1       java.util.IdentityHashMap::size (5 bytes)
Event: 14.582 Thread 0x0000016e18121840 1219       4       java.awt.Component::getParent (5 bytes)
Event: 14.582 Thread 0x0000016e18124150 nmethod 1220 0x0000016e07b2ad90 code [0x0000016e07b2af20, 0x0000016e07b2afd8]
Event: 14.583 Thread 0x0000016e18121840 nmethod 1219 0x0000016e07b2b090 code [0x0000016e07b2b200, 0x0000016e07b2b278]
Event: 14.708 Thread 0x0000016e18124150 1221       1       javax.swing.JComponent::isPaintingOrigin (2 bytes)
Event: 14.708 Thread 0x0000016e18124150 nmethod 1221 0x0000016e07b2b390 code [0x0000016e07b2b520, 0x0000016e07b2b5d8]
Event: 14.711 Thread 0x0000016e18121840 1222       4       java.util.concurrent.locks.ReentrantLock$Sync::isHeldExclusively (16 bytes)
Event: 14.711 Thread 0x0000016e18121840 nmethod 1222 0x0000016e07b2b690 code [0x0000016e07b2b800, 0x0000016e07b2b898]
Event: 14.738 Thread 0x0000016e18121840 1223       4       java.util.concurrent.locks.AbstractQueuedSynchronizer$Node::setPrevRelaxed (12 bytes)
Event: 14.739 Thread 0x0000016e18121840 nmethod 1223 0x0000016e07b2b990 code [0x0000016e07b2bb00, 0x0000016e07b2bc58]
Event: 14.742 Thread 0x0000016e18121840 1224       4       java.util.concurrent.locks.AbstractQueuedSynchronizer::casTail (13 bytes)
Event: 14.743 Thread 0x0000016e18121840 nmethod 1224 0x0000016e07b2bd10 code [0x0000016e07b2be80, 0x0000016e07b2bfd8]
Event: 14.743 Thread 0x0000016e18121840 1225       4       jdk.internal.misc.Unsafe::putIntOpaque (9 bytes)
Event: 14.743 Thread 0x0000016e18121840 nmethod 1225 0x0000016e07b2c090 code [0x0000016e07b2c200, 0x0000016e07b2c278]
Event: 14.754 Thread 0x0000016e18121840 1226       4       java.awt.EventQueue::eventToCacheIndex (80 bytes)
Event: 14.754 Thread 0x0000016e18121840 nmethod 1226 0x0000016e07b2c390 code [0x0000016e07b2c520, 0x0000016e07b2c618]
Event: 14.772 Thread 0x0000016e18121840 1227       4       java.util.concurrent.locks.AbstractQueuedSynchronizer$Node::setStatusRelaxed (12 bytes)
Event: 14.772 Thread 0x0000016e18121840 nmethod 1227 0x0000016e07b2c710 code [0x0000016e07b2c880, 0x0000016e07b2c8f8]
Event: 15.299 Thread 0x0000016e18121840 1228  s    4       java.awt.KeyboardFocusManager::getCurrentKeyboardFocusManager (32 bytes)
Event: 15.300 Thread 0x0000016e18121840 nmethod 1228 0x0000016e07b2ca10 code [0x0000016e07b2cba0, 0x0000016e07b2ce48]

GC Heap History (0 events):
No events

Deoptimization events (16 events):
Event: 0.064 Thread 0x0000016e6d021c90 Uncommon trap: trap_request=0xffffff45 fr.pc=0x0000016e07ad403c relative=0x000000000000021c
Event: 0.064 Thread 0x0000016e6d021c90 Uncommon trap: reason=unstable_if action=reinterpret pc=0x0000016e07ad403c method=java.lang.String.hashCode()I @ 42 c2
Event: 0.064 Thread 0x0000016e6d021c90 DEOPT PACKING pc=0x0000016e07ad403c sp=0x0000004a438fd770
Event: 0.064 Thread 0x0000016e6d021c90 DEOPT UNPACKING pc=0x0000016e0004e42f sp=0x0000004a438fd708 mode 2
Event: 0.460 Thread 0x0000016e187eaad0 Uncommon trap: trap_request=0xffffffe5 fr.pc=0x0000016e07ae5840 relative=0x00000000000001a0
Event: 0.460 Thread 0x0000016e187eaad0 Uncommon trap: reason=range_check action=reinterpret pc=0x0000016e07ae5840 method=java.lang.StringLatin1.indexOf([BII)I @ 13 c2
Event: 0.460 Thread 0x0000016e187eaad0 DEOPT PACKING pc=0x0000016e07ae5840 sp=0x0000004a44dfbdd0
Event: 0.460 Thread 0x0000016e187eaad0 DEOPT UNPACKING pc=0x0000016e0004e42f sp=0x0000004a44dfbd50 mode 2
Event: 13.813 Thread 0x0000016e187eaad0 Uncommon trap: trap_request=0xffffffde fr.pc=0x0000016e07b25f5c relative=0x000000000000547c
Event: 13.813 Thread 0x0000016e187eaad0 Uncommon trap: reason=class_check action=maybe_recompile pc=0x0000016e07b25f5c method=java.awt.EventQueue.coalesceEvent(Ljava/awt/AWTEvent;I)Z @ 32 c2
Event: 13.813 Thread 0x0000016e187eaad0 DEOPT PACKING pc=0x0000016e07b25f5c sp=0x0000004a44dfeae0
Event: 13.813 Thread 0x0000016e187eaad0 DEOPT UNPACKING pc=0x0000016e0004e42f sp=0x0000004a44dfe928 mode 2
Event: 14.478 Thread 0x0000016e187eaad0 Uncommon trap: trap_request=0xffffffde fr.pc=0x0000016e07b25f5c relative=0x000000000000547c
Event: 14.478 Thread 0x0000016e187eaad0 Uncommon trap: reason=class_check action=maybe_recompile pc=0x0000016e07b25f5c method=java.awt.EventQueue.coalesceEvent(Ljava/awt/AWTEvent;I)Z @ 32 c2
Event: 14.478 Thread 0x0000016e187eaad0 DEOPT PACKING pc=0x0000016e07b25f5c sp=0x0000004a44dfeae0
Event: 14.478 Thread 0x0000016e187eaad0 DEOPT UNPACKING pc=0x0000016e0004e42f sp=0x0000004a44dfe928 mode 2

Classes unloaded (0 events):
No events

Classes redefined (0 events):
No events

Internal exceptions (13 events):
Event: 0.085 Thread 0x0000016e6d021c90 Exception <a 'java/lang/ClassNotFoundException'{0x000000062052fcc0}: sun/awt/resources/spi/awtProvider> (0x000000062052fcc0) 
thrown [./open/src/hotspot/share/classfile/systemDictionary.cpp, line 295]
Event: 0.111 Thread 0x0000016e6d021c90 Exception <a 'java/io/FileNotFoundException'{0x0000000620591a98}> (0x0000000620591a98) 
thrown [./open/src/hotspot/share/prims/jni.cpp, line 578]
Event: 0.116 Thread 0x0000016e6d021c90 Exception <a 'java/io/FileNotFoundException'{0x00000006205c0310}> (0x00000006205c0310) 
thrown [./open/src/hotspot/share/prims/jni.cpp, line 578]
Event: 0.116 Thread 0x0000016e6d021c90 Exception <a 'java/lang/NoSuchMethodError'{0x00000006205c1758}: 'java.lang.Object java.lang.invoke.DirectMethodHandle$Holder.invokeStatic(java.lang.Object)'> (0x00000006205c1758) 
thrown [./open/src/hotspot/share/interpreter/linkResolver.cpp, line 782]
Event: 0.123 Thread 0x0000016e6d021c90 Exception <a 'java/lang/NoSuchMethodError'{0x00000006205cf6f8}: 'void java.lang.invoke.DirectMethodHandle$Holder.invokeSpecial(java.lang.Object, java.lang.Object, java.lang.Object)'> (0x00000006205cf6f8) 
thrown [./open/src/hotspot/share/interpreter/linkResolver.cpp, line 782]
Event: 0.148 Thread 0x0000016e6d021c90 Exception <a 'java/lang/NoSuchMethodError'{0x000000062060f118}: 'java.lang.Object java.lang.invoke.DirectMethodHandle$Holder.invokeStaticInit(java.lang.Object)'> (0x000000062060f118) 
thrown [./open/src/hotspot/share/interpreter/linkResolver.cpp, line 782]
Event: 0.397 Thread 0x0000016e187eaad0 Exception <a 'java/lang/NoSuchMethodError'{0x0000000620753488}: 'java.lang.Object java.lang.invoke.DirectMethodHandle$Holder.newInvokeSpecial(java.lang.Object, java.lang.Object, java.lang.Object, java.lang.Object, java.lang.Object)'> (0x0000000620753488) 
thrown [./open/src/hotspot/share/interpreter/linkResolver.cpp, line 782]
Event: 0.398 Thread 0x0000016e187eaad0 Exception <a 'java/lang/NoSuchMethodError'{0x00000006207da0e8}: 'java.lang.Object java.lang.invoke.DirectMethodHandle$Holder.invokeStatic(java.lang.Object, int, java.lang.Object, java.lang.Object, java.lang.Object, java.lang.Object)'> (0x00000006207da0e8) 
thrown [./open/src/hotspot/share/interpreter/linkResolver.cpp, line 782]
Event: 0.400 Thread 0x0000016e187eaad0 Exception <a 'java/lang/NoSuchMethodError'{0x0000000620000888}: 'java.lang.Object java.lang.invoke.DirectMethodHandle$Holder.invokeStatic(java.lang.Object, int, java.lang.Object)'> (0x0000000620000888) 
thrown [./open/src/hotspot/share/interpreter/linkResolver.cpp, line 782]
Event: 0.414 Thread 0x0000016e187eaad0 Exception <a 'java/lang/ClassNotFoundException'{0x00000006200b88f0}: com/sun/swing/internal/plaf/metal/resources/spi/metalProvider> (0x00000006200b88f0) 
thrown [./open/src/hotspot/share/classfile/systemDictionary.cpp, line 295]
Event: 0.415 Thread 0x0000016e187eaad0 Exception <a 'java/lang/ClassNotFoundException'{0x00000006200bcc50}: com/sun/swing/internal/plaf/basic/resources/spi/basicProvider> (0x00000006200bcc50) 
thrown [./open/src/hotspot/share/classfile/systemDictionary.cpp, line 295]
Event: 0.445 Thread 0x0000016e187eaad0 Exception <a 'java/lang/NoSuchMethodError'{0x0000000620114b10}: 'void java.lang.invoke.DirectMethodHandle$Holder.invokeStaticInit(java.lang.Object)'> (0x0000000620114b10) 
thrown [./open/src/hotspot/share/interpreter/linkResolver.cpp, line 782]
Event: 11.496 Thread 0x0000016e187e6d30 Exception <a 'java/lang/NoSuchMethodError'{0x00000006206b4430}: 'void java.lang.invoke.DirectMethodHandle$Holder.invokeVirtual(java.lang.Object, java.lang.Object)'> (0x00000006206b4430) 
thrown [./open/src/hotspot/share/interpreter/linkResolver.cpp, line 782]

Events (20 events):
Event: 13.422 loading class javax/swing/CellRendererPane done
Event: 13.422 Executing VM operation: HandshakeAllThreads
Event: 13.422 Executing VM operation: HandshakeAllThreads done
Event: 13.422 loading class javax/swing/RepaintManager$3
Event: 13.422 loading class javax/swing/RepaintManager$3 done
Event: 13.813 loading class javax/swing/ClientPropertyKey
Event: 13.813 loading class javax/swing/ClientPropertyKey done
Event: 13.813 loading class javax/swing/ClientPropertyKey$1
Event: 13.813 loading class sun/awt/AWTAccessor$ClientPropertyKeyAccessor
Event: 13.813 loading class sun/awt/AWTAccessor$ClientPropertyKeyAccessor done
Event: 13.813 loading class javax/swing/ClientPropertyKey$1 done
Event: 15.428 Executing VM operation: HandshakeAllThreads
Event: 15.428 Executing VM operation: HandshakeAllThreads done
Event: 16.102 Thread 0x0000016e1883c630 Thread added: 0x0000016e1883c630
Event: 16.102 Thread 0x0000016e1883cfd0 Thread added: 0x0000016e1883cfd0
Event: 16.102 Thread 0x0000016e1883c630 Thread exited: 0x0000016e1883c630
Event: 16.102 Thread 0x0000016e1883bc90 Thread exited: 0x0000016e1883bc90
Event: 16.135 Thread 0x0000016e187e6d30 Thread exited: 0x0000016e187e6d30
Event: 16.205 Thread 0x0000016e1883cfd0 Thread exited: 0x0000016e1883cfd0
Event: 16.205 Executing VM operation: Exit


Dynamic libraries:
0x00007ff771030000 - 0x00007ff77103d000 	C:\Users\Nils\.p2\pool\plugins\org.eclipse.justj.openjdk.hotspot.jre.full.win32.x86_64_15.0.1.v20201027-0507\jre\bin\javaw.exe
0x00007ff843150000 - 0x00007ff843346000 	C:\WINDOWS\SYSTEM32\ntdll.dll
0x00007ff8425a0000 - 0x00007ff84265d000 	C:\WINDOWS\System32\KERNEL32.DLL
0x00007ff8408c0000 - 0x00007ff840b89000 	C:\WINDOWS\System32\KERNELBASE.dll
0x00007ff8410b0000 - 0x00007ff8411b0000 	C:\WINDOWS\System32\ucrtbase.dll
0x00007ff835270000 - 0x00007ff835288000 	C:\Users\Nils\.p2\pool\plugins\org.eclipse.justj.openjdk.hotspot.jre.full.win32.x86_64_15.0.1.v20201027-0507\jre\bin\jli.dll
0x00007ff8342a0000 - 0x00007ff8342b9000 	C:\Users\Nils\.p2\pool\plugins\org.eclipse.justj.openjdk.hotspot.jre.full.win32.x86_64_15.0.1.v20201027-0507\jre\bin\VCRUNTIME140.dll
0x00007ff841230000 - 0x00007ff8413d0000 	C:\WINDOWS\System32\USER32.dll
0x00007ff82c720000 - 0x00007ff82c9bb000 	C:\WINDOWS\WinSxS\amd64_microsoft.windows.common-controls_6595b64144ccf1df_6.0.19041.746_none_ca02b4b61b8320a4\COMCTL32.dll
0x00007ff840e00000 - 0x00007ff840e22000 	C:\WINDOWS\System32\win32u.dll
0x00007ff842db0000 - 0x00007ff842e4e000 	C:\WINDOWS\System32\msvcrt.dll
0x00007ff841c00000 - 0x00007ff841c2a000 	C:\WINDOWS\System32\GDI32.dll
0x00007ff840bf0000 - 0x00007ff840cfb000 	C:\WINDOWS\System32\gdi32full.dll
0x00007ff840e30000 - 0x00007ff840ecd000 	C:\WINDOWS\System32\msvcp_win.dll
0x00007ff842930000 - 0x00007ff842960000 	C:\WINDOWS\System32\IMM32.DLL
0x00007ff83e110000 - 0x00007ff83e11c000 	C:\Users\Nils\.p2\pool\plugins\org.eclipse.justj.openjdk.hotspot.jre.full.win32.x86_64_15.0.1.v20201027-0507\jre\bin\vcruntime140_1.dll
0x00007ff80bbb0000 - 0x00007ff80bc41000 	C:\Users\Nils\.p2\pool\plugins\org.eclipse.justj.openjdk.hotspot.jre.full.win32.x86_64_15.0.1.v20201027-0507\jre\bin\msvcp140.dll
0x00007fffeb920000 - 0x00007fffec47e000 	C:\Users\Nils\.p2\pool\plugins\org.eclipse.justj.openjdk.hotspot.jre.full.win32.x86_64_15.0.1.v20201027-0507\jre\bin\server\jvm.dll
0x00007ff842bd0000 - 0x00007ff842c7c000 	C:\WINDOWS\System32\ADVAPI32.dll
0x00007ff842970000 - 0x00007ff842a0c000 	C:\WINDOWS\System32\sechost.dll
0x00007ff842c80000 - 0x00007ff842dab000 	C:\WINDOWS\System32\RPCRT4.dll
0x00007ff842660000 - 0x00007ff842668000 	C:\WINDOWS\System32\PSAPI.DLL
0x00007ff838300000 - 0x00007ff838309000 	C:\WINDOWS\SYSTEM32\WSOCK32.dll
0x00007ff82f480000 - 0x00007ff82f4a7000 	C:\WINDOWS\SYSTEM32\WINMM.dll
0x00007ff83a100000 - 0x00007ff83a10a000 	C:\WINDOWS\SYSTEM32\VERSION.dll
0x00007ff842b60000 - 0x00007ff842bcb000 	C:\WINDOWS\System32\WS2_32.dll
0x00007ff83e800000 - 0x00007ff83e812000 	C:\WINDOWS\SYSTEM32\kernel.appcore.dll
0x00007ff838a50000 - 0x00007ff838a5a000 	C:\Users\Nils\.p2\pool\plugins\org.eclipse.justj.openjdk.hotspot.jre.full.win32.x86_64_15.0.1.v20201027-0507\jre\bin\jimage.dll
0x00007ff8278d0000 - 0x00007ff827ab4000 	C:\WINDOWS\SYSTEM32\DBGHELP.DLL
0x00007ff8278a0000 - 0x00007ff8278cc000 	C:\WINDOWS\SYSTEM32\dbgcore.DLL
0x00007ff841030000 - 0x00007ff8410b0000 	C:\WINDOWS\System32\bcryptPrimitives.dll
0x00007ff831b60000 - 0x00007ff831b85000 	C:\Users\Nils\.p2\pool\plugins\org.eclipse.justj.openjdk.hotspot.jre.full.win32.x86_64_15.0.1.v20201027-0507\jre\bin\java.dll
0x00007ff831b40000 - 0x00007ff831b58000 	C:\Users\Nils\.p2\pool\plugins\org.eclipse.justj.openjdk.hotspot.jre.full.win32.x86_64_15.0.1.v20201027-0507\jre\bin\zip.dll
0x00007ff8414b0000 - 0x00007ff841bf2000 	C:\WINDOWS\System32\SHELL32.dll
0x00007ff83ea00000 - 0x00007ff83f190000 	C:\WINDOWS\SYSTEM32\windows.storage.dll
0x00007ff841c30000 - 0x00007ff841f86000 	C:\WINDOWS\System32\combase.dll
0x00007ff8402f0000 - 0x00007ff84031c000 	C:\WINDOWS\SYSTEM32\Wldp.dll
0x00007ff842460000 - 0x00007ff84250e000 	C:\WINDOWS\System32\SHCORE.dll
0x00007ff843000000 - 0x00007ff843055000 	C:\WINDOWS\System32\shlwapi.dll
0x00007ff8407c0000 - 0x00007ff8407e6000 	C:\WINDOWS\SYSTEM32\profapi.dll
0x00007ff80ac60000 - 0x00007ff80addf000 	C:\Users\Nils\.p2\pool\plugins\org.eclipse.justj.openjdk.hotspot.jre.full.win32.x86_64_15.0.1.v20201027-0507\jre\bin\awt.dll
0x00007ff8426e0000 - 0x00007ff8427ad000 	C:\WINDOWS\System32\OLEAUT32.dll
0x00007ff83e170000 - 0x00007ff83e200000 	C:\WINDOWS\SYSTEM32\apphelp.dll
0x00007ff83e250000 - 0x00007ff83e2ee000 	C:\WINDOWS\system32\uxtheme.dll
0x00007ff8427b0000 - 0x00007ff8428c5000 	C:\WINDOWS\System32\MSCTF.dll
0x00007ff81abb0000 - 0x00007ff81abd2000 	C:\Users\Nils\AppData\Local\Temp\37C.tmp
0x00007ff842a30000 - 0x00007ff842b5a000 	C:\WINDOWS\System32\ole32.dll
0x00007ff840240000 - 0x00007ff84024c000 	C:\WINDOWS\SYSTEM32\CRYPTBASE.DLL
0x00007ff83e510000 - 0x00007ff83e53f000 	C:\WINDOWS\system32\DWMAPI.DLL
0x00007ff800030000 - 0x00007ff800155000 	C:\WINDOWS\system32\opengl32.dll
0x00007ff830a30000 - 0x00007ff830a5c000 	C:\WINDOWS\SYSTEM32\GLU32.dll
0x00007ff840470000 - 0x00007ff840482000 	C:\WINDOWS\SYSTEM32\msasn1.dll
0x00007ff839740000 - 0x00007ff839771000 	C:\WINDOWS\SYSTEM32\cryptnet.dll
0x00007ff840ed0000 - 0x00007ff841026000 	C:\WINDOWS\System32\CRYPT32.dll
0x00007ff840b90000 - 0x00007ff840bf0000 	C:\WINDOWS\System32\WINTRUST.DLL
0x00007ff842a10000 - 0x00007ff842a2d000 	C:\WINDOWS\System32\imagehlp.dll
0x00007ff840250000 - 0x00007ff840268000 	C:\WINDOWS\SYSTEM32\CRYPTSP.dll
0x00007ff83f9a0000 - 0x00007ff83f9d4000 	C:\WINDOWS\system32\rsaenh.dll
0x00007ff840890000 - 0x00007ff8408b7000 	C:\WINDOWS\System32\bcrypt.dll
0x00007ff812df0000 - 0x00007ff8130a9000 	C:\WINDOWS\system32\nvspcap64.dll
0x00007ff83f5d0000 - 0x00007ff83f603000 	C:\WINDOWS\SYSTEM32\ntmarta.dll
0x00007ff83f1a0000 - 0x00007ff83f1c3000 	C:\WINDOWS\SYSTEM32\gpapi.dll
0x00007ff8372b0000 - 0x00007ff8372eb000 	C:\WINDOWS\SYSTEM32\dxcore.dll
0x00007ff840d00000 - 0x00007ff840d4e000 	C:\WINDOWS\System32\cfgmgr32.dll
0x00007ff80bb20000 - 0x00007ff80bba5000 	C:\Users\Nils\.p2\pool\plugins\org.eclipse.justj.openjdk.hotspot.jre.full.win32.x86_64_15.0.1.v20201027-0507\jre\bin\freetype.dll
0x00007ff80b630000 - 0x00007ff80b6d9000 	C:\Users\Nils\.p2\pool\plugins\org.eclipse.justj.openjdk.hotspot.jre.full.win32.x86_64_15.0.1.v20201027-0507\jre\bin\fontmanager.dll
0x00007ff831b20000 - 0x00007ff831b39000 	C:\Users\Nils\.p2\pool\plugins\org.eclipse.justj.openjdk.hotspot.jre.full.win32.x86_64_15.0.1.v20201027-0507\jre\bin\net.dll
0x00007ff839590000 - 0x00007ff839690000 	C:\WINDOWS\SYSTEM32\WINHTTP.dll
0x00007ff840070000 - 0x00007ff8400da000 	C:\WINDOWS\system32\mswsock.dll
0x00007ff830b20000 - 0x00007ff830b32000 	C:\Users\Nils\.p2\pool\plugins\org.eclipse.justj.openjdk.hotspot.jre.full.win32.x86_64_15.0.1.v20201027-0507\jre\bin\nio.dll
0x00007ff836d00000 - 0x00007ff836dfb000 	C:\WINDOWS\SYSTEM32\textinputframework.dll
0x00007ff83db00000 - 0x00007ff83de5e000 	C:\WINDOWS\System32\CoreUIComponents.dll
0x00007ff83de60000 - 0x00007ff83df52000 	C:\WINDOWS\System32\CoreMessaging.dll
0x00007ff83bfa0000 - 0x00007ff83c0f4000 	C:\WINDOWS\SYSTEM32\wintypes.dll
0x00007ff843060000 - 0x00007ff843109000 	C:\WINDOWS\System32\clbcatq.dll
0x00007ff82dc30000 - 0x00007ff82dcdc000 	C:\WINDOWS\SYSTEM32\TextShaping.dll

dbghelp: loaded successfully - version: 4.0.5 - missing functions: none
symbol engine: initialized successfully - sym options: 0x614 - pdb path: .;C:\Users\Nils\.p2\pool\plugins\org.eclipse.justj.openjdk.hotspot.jre.full.win32.x86_64_15.0.1.v20201027-0507\jre\bin;C:\WINDOWS\SYSTEM32;C:\WINDOWS\WinSxS\amd64_microsoft.windows.common-controls_6595b64144ccf1df_6.0.19041.746_none_ca02b4b61b8320a4;C:\Users\Nils\.p2\pool\plugins\org.eclipse.justj.openjdk.hotspot.jre.full.win32.x86_64_15.0.1.v20201027-0507\jre\bin\server;C:\Users\Nils\AppData\Local\Temp;C:\WINDOWS\System32\DriverStore\FileRepository\nv_dispi.inf_amd64_272b5c540127d6d2

VM Arguments:
jvm_args: -Dfile.encoding=UTF-8 -XX:+ShowCodeDetailsInExceptionMessages 
java_command: CountersView
java_class_path (initial): C:\Users\Nils\Google Drive\Skolarbete\Lth\Specialisering\EDAA01 Programmeringsteknik Fordjupningskurs\edaa01-workspace\exempel
Launcher Type: SUN_STANDARD

[Global flags]
     intx CICompilerCount                          = 4                                         {product} {ergonomic}
     uint ConcGCThreads                            = 2                                         {product} {ergonomic}
     uint G1ConcRefinementThreads                  = 8                                         {product} {ergonomic}
   size_t G1HeapRegionSize                         = 4194304                                   {product} {ergonomic}
    uintx GCDrainStackTargetSize                   = 64                                        {product} {ergonomic}
   size_t InitialHeapSize                          = 536870912                                 {product} {ergonomic}
   size_t MarkStackSize                            = 4194304                                   {product} {ergonomic}
   size_t MaxHeapSize                              = 8581545984                                {product} {ergonomic}
   size_t MaxNewSize                               = 5146411008                                {product} {ergonomic}
   size_t MinHeapDeltaBytes                        = 4194304                                   {product} {ergonomic}
   size_t MinHeapSize                              = 8388608                                   {product} {ergonomic}
    uintx NonNMethodCodeHeapSize                   = 5839372                                {pd product} {ergonomic}
    uintx NonProfiledCodeHeapSize                  = 122909434                              {pd product} {ergonomic}
    uintx ProfiledCodeHeapSize                     = 122909434                              {pd product} {ergonomic}
    uintx ReservedCodeCacheSize                    = 251658240                              {pd product} {ergonomic}
     bool SegmentedCodeCache                       = true                                      {product} {ergonomic}
     bool ShowCodeDetailsInExceptionMessages       = true                                   {manageable} {command line}
   size_t SoftMaxHeapSize                          = 8581545984                             {manageable} {ergonomic}
     bool UseCompressedClassPointers               = true                                 {lp64_product} {ergonomic}
     bool UseCompressedOops                        = true                                 {lp64_product} {ergonomic}
     bool UseG1GC                                  = true                                      {product} {ergonomic}
     bool UseLargePagesIndividualAllocation        = false                                  {pd product} {ergonomic}

Logging:
Log output configuration:
 #0: stdout all=off uptime,level,tags
 #1: stderr all=off uptime,level,tags

Environment Variables:
PATH=C:/Users/Nils/.p2/pool/plugins/org.eclipse.justj.openjdk.hotspot.jre.full.win32.x86_64_15.0.2.v20210201-0955/jre/bin/server;C:/Users/Nils/.p2/pool/plugins/org.eclipse.justj.openjdk.hotspot.jre.full.win32.x86_64_15.0.2.v20210201-0955/jre/bin;C:\Program Files\AdoptOpenJDK\jdk-11.0.9.101-hotspot\bin;C:\Program Files (x86)\Common Files\Intel\Shared Libraries\redist\intel64\compiler;C:\Program Files\MATLAB\R2019b\bin;C:\Program Files\MATLAB\R2017b\bin;C:\WINDOWS\system32;C:\WINDOWS;C:\WINDOWS\System32\Wbem;C:\WINDOWS\System32\WindowsPowerShell\v1.0\;C:\WINDOWS\System32\OpenSSH\;C:\Program Files (x86)\NVIDIA Corporation\PhysX\Common;C:\Users\Nils\AppData\Local\Microsoft\WindowsApps;C:\Program Files\NVIDIA Corporation\NVIDIA NvDLISR;C:\WINDOWS\system32;C:\WINDOWS;C:\WINDOWS\System32\Wbem;C:\WINDOWS\System32\WindowsPowerShell\v1.0\;C:\WINDOWS\System32\OpenSSH\;C:\Users\Nils\AppData\Local\Programs\Python\Python37-32\python.exe;C:\Users\Nils\AppData\Local\atom\bin;C:\Users\Nils\AppData\Local\Programs\Python\Python37-32\python.exe;C:\Users\Nils\AppData\Local\Microsoft\WindowsApps;C:\Users\Nils\AppData\Local\atom\bin;C:\Users\Nils\AppData\Local\Microsoft\WindowsApps;;C:\Users\Nils\eclipse\java-2020-12\eclipse;
USERNAME=Nils
OS=Windows_NT
PROCESSOR_IDENTIFIER=Intel64 Family 6 Model 158 Stepping 9, GenuineIntel



---------------  S Y S T E M  ---------------

OS:
 Windows 10 , 64 bit Build 19041 (10.0.19041.804)
OS uptime: 5 days 2:30 hours

CPU: total 8 (initial active 8) (4 cores per cpu, 2 threads per core) family 6 model 158 stepping 9 microcode 0xb4, cmov, cx8, fxsr, mmx, sse, sse2, sse3, ssse3, sse4.1, sse4.2, popcnt, vzeroupper, avx, avx2, aes, clmul, erms, rtm, 3dnowpref, lzcnt, ht, tsc, tscinvbit, bmi1, bmi2, adx, fma, clflush, clflushopt

Memory: 4k page, system-wide physical 32722M (20682M free)
TotalPageFile size 38098M (AvailPageFile size 17287M)
current process WorkingSet (physical memory assigned to process): 77M, peak: 116M
current process commit charge ("private bytes"): 647M, peak: 680M

vm_info: OpenJDK 64-Bit Server VM (15.0.1+9-18) for windows-amd64 JRE (15.0.1+9-18), built on Sep 15 2020 14:39:31 by "mach5one" with unknown MS VC++:1925

END.
